#
# A fatal error has been detected by the Java Runtime Environment:
#
#  Internal Error (javaClasses.cpp:126), pid=191356, tid=190972
#  fatal error: Invalid layout of preloaded class
#
# JRE version:  (8.0_25-b18) (build )
# Java VM: Java HotSpot(TM) 64-Bit Server VM (25.25-b02 mixed mode windows-amd64 compressed oops)
# Failed to write core dump. Minidumps are not enabled by default on client versions of Windows
#
# If you would like to submit a bug report, please visit:
#   http://bugreport.sun.com/bugreport/crash.jsp
#

---------------  T H R E A D  ---------------

Current thread (0x000000000253d800):  JavaThread "Unknown thread" [_thread_in_vm, id=190972, stack(0x0000000002420000,0x0000000002520000)]

Stack: [0x0000000002420000,0x0000000002520000]
Native frames: (J=compiled Java code, j=interpreted, Vv=VM code, C=native code)
V  [jvm.dll+0x31667a]
V  [jvm.dll+0x267073]
V  [jvm.dll+0x267cb3]
V  [jvm.dll+0x25f536]
V  [jvm.dll+0x5e773]
V  [jvm.dll+0x5e863]
V  [jvm.dll+0x731ca]
V  [jvm.dll+0x73528]
V  [jvm.dll+0xe48b7]
V  [jvm.dll+0xe4c46]
V  [jvm.dll+0x1f9ae7]
V  [jvm.dll+0x22b2e4]
V  [jvm.dll+0x14d571]
C  [javaw.exe+0x20c6]
C  [javaw.exe+0xc9eb]
C  [javaw.exe+0xca7f]
C  [KERNEL32.DLL+0x5f72]
C  [ntdll.dll+0x59b54]


---------------  P R O C E S S  ---------------

Java Threads: ( => current thread )

Other Threads:

=>0x000000000253d800 (exited) JavaThread "Unknown thread" [_thread_in_vm, id=190972, stack(0x0000000002420000,0x0000000002520000)]

VM state:not at safepoint (not fully initialized)

VM Mutex/Monitor currently owned by a thread: None

GC Heap History (0 events):
No events

Deoptimization events (0 events):
No events

Internal exceptions (0 events):
No events

Events (10 events):
Event: 0.167 loading class java/lang/CharSequence done
Event: 0.168 loading class java/lang/String done
Event: 0.168 loading class java/lang/Class
Event: 0.168 loading class java/lang/reflect/AnnotatedElement
Event: 0.168 loading class java/lang/reflect/AnnotatedElement done
Event: 0.168 loading class java/lang/reflect/GenericDeclaration
Event: 0.168 loading class java/lang/reflect/GenericDeclaration done
Event: 0.168 loading class java/lang/reflect/Type
Event: 0.168 loading class java/lang/reflect/Type done
Event: 0.168 loading class java/lang/Class done


Dynamic libraries:
0x00007ff7a5080000 - 0x00007ff7a50b4000 	C:\Program Files\Java\jdk1.8.0_25\bin\javaw.exe
0x00007fffc3700000 - 0x00007fffc38bd000 	C:\WINDOWS\SYSTEM32\ntdll.dll
0x00007fffc1310000 - 0x00007fffc13bf000 	C:\WINDOWS\system32\KERNEL32.DLL
0x00007fffc09d0000 - 0x00007fffc0b9b000 	C:\WINDOWS\system32\KERNELBASE.dll
0x00007fffbeca0000 - 0x00007fffbed21000 	C:\WINDOWS\system32\apphelp.dll
0x00007fffc07a0000 - 0x00007fffc07c7000 	C:\WINDOWS\system32\bcrypt.dll
0x00007fffc3480000 - 0x00007fffc3525000 	C:\WINDOWS\system32\ADVAPI32.dll
0x00007fffc3150000 - 0x00007fffc31ee000 	C:\WINDOWS\system32\msvcrt.dll
0x00007fffc35e0000 - 0x00007fffc363a000 	C:\WINDOWS\system32\sechost.dll
0x00007fffc3210000 - 0x00007fffc333f000 	C:\WINDOWS\system32\RPCRT4.dll
0x00007fffc1410000 - 0x00007fffc1583000 	C:\WINDOWS\system32\USER32.dll
0x00007fffc1190000 - 0x00007fffc130b000 	C:\WINDOWS\system32\GDI32.dll
0x00007fffbdf80000 - 0x00007fffbe1ed000 	C:\WINDOWS\WinSxS\amd64_microsoft.windows.common-controls_6595b64144ccf1df_6.0.9926.0_none_da567e195e60d6ea\COMCTL32.dll
0x00007fffc3530000 - 0x00007fffc3565000 	C:\WINDOWS\system32\IMM32.DLL
0x00007fffc19f0000 - 0x00007fffc1b44000 	C:\WINDOWS\system32\MSCTF.dll
0x00007fffc3640000 - 0x00007fffc36fe000 	C:\WINDOWS\system32\OLEAUT32.dll
0x00007fffc17b0000 - 0x00007fffc19ee000 	C:\WINDOWS\system32\combase.dll
0x000000005f910000 - 0x000000005f9e2000 	C:\Program Files\Java\jdk1.8.0_25\jre\bin\msvcr100.dll
0x000000005f0b0000 - 0x000000005f90a000 	C:\Program Files\Java\jdk1.8.0_25\jre\bin\server\jvm.dll
0x00007fffc3140000 - 0x00007fffc3147000 	C:\WINDOWS\system32\PSAPI.DLL
0x00007fffb2200000 - 0x00007fffb2209000 	C:\WINDOWS\SYSTEM32\WSOCK32.dll
0x00007fffc1740000 - 0x00007fffc179a000 	C:\WINDOWS\system32\WS2_32.dll
0x00007fffc0e40000 - 0x00007fffc0e48000 	C:\WINDOWS\system32\NSI.dll
0x00007fffbeb20000 - 0x00007fffbeb42000 	C:\WINDOWS\SYSTEM32\WINMM.dll
0x00007fffbea10000 - 0x00007fffbea3b000 	C:\WINDOWS\SYSTEM32\WINMMBASE.dll
0x00007fffc07d0000 - 0x00007fffc0813000 	C:\WINDOWS\system32\cfgmgr32.dll
0x00007fffbf200000 - 0x00007fffbf227000 	C:\WINDOWS\SYSTEM32\DEVOBJ.dll
0x000000005f0a0000 - 0x000000005f0af000 	C:\Program Files\Java\jdk1.8.0_25\jre\bin\verify.dll
0x000000005f070000 - 0x000000005f098000 	C:\Program Files\Java\jdk1.8.0_25\jre\bin\java.dll
0x000000005f050000 - 0x000000005f066000 	C:\Program Files\Java\jdk1.8.0_25\jre\bin\zip.dll
0x00007fffbd0d0000 - 0x00007fffbd26b000 	C:\WINDOWS\SYSTEM32\dbghelp.dll

VM Arguments:
jvm_args: -Dfile.encoding=Cp1252 -Xbootclasspath:E:\sdk\platforms\android-18\android.jar 
java_command: com.harris.challenge.secret_agent_tools.CrackSafeTest
java_class_path (initial): E:\Workspace\BRATA\libs\android-support-v4.jar;E:\Workspace\BRATA\bin\classes
Launcher Type: SUN_STANDARD

Environment Variables:
PATH=C:/Program Files/Java/jre1.8.0_31/bin/server;C:/Program Files/Java/jre1.8.0_31/bin;C:/Program Files/Java/jre1.8.0_31/lib/amd64;C:\Program Files (x86)\NVIDIA Corporation\PhysX\Common;C:\ProgramData\Oracle\Java\javapath;C:\Python27\;C:\Program Files (x86)\Intel\iCLS Client\;C:\Program Files\Intel\iCLS Client\;C:\WINDOWS\system32;C:\WINDOWS;C:\WINDOWS\System32\Wbem;C:\WINDOWS\System32\WindowsPowerShell\v1.0\;C:\Program Files\Intel\Intel(R) Management Engine Components\DAL;C:\Program Files\Intel\Intel(R) Management Engine Components\IPT;C:\Program Files (x86)\Intel\Intel(R) Management Engine Components\DAL;C:\Program Files (x86)\Intel\Intel(R) Management Engine Components\IPT;C:\Program Files\Intel\WiFi\bin\;C:\Program Files\Common Files\Intel\WirelessCommon\;;C:\Program Files (x86)\QuickTime\QTSystem\;C:\Program Files\Java\jdk1.8.0_25\bin;C:\Users\matty_000.LIZS.000\Documents\Eclipse;
USERNAME=matty_000
OS=Windows_NT
PROCESSOR_IDENTIFIER=Intel64 Family 6 Model 69 Stepping 1, GenuineIntel



---------------  S Y S T E M  ---------------

OS: Windows 8.1 , 64 bit Build 9600 

CPU:total 4 (2 cores per cpu, 2 threads per core) family 6 model 69 stepping 1, cmov, cx8, fxsr, mmx, sse, sse2, sse3, ssse3, sse4.1, sse4.2, popcnt, avx, avx2, aes, clmul, erms, lzcnt, ht, tsc, tscinvbit, bmi1, bmi2

Memory: 4k page, physical 4104472k(529300k free), swap 6112404k(1053224k free)

vm_info: Java HotSpot(TM) 64-Bit Server VM (25.25-b02) for windows-amd64 JRE (1.8.0_25-b18), built on Oct  7 2014 14:25:37 by "java_re" with MS VC++ 10.0 (VS2010)

time: Thu Jan 29 13:40:19 2015
elapsed time: 0 seconds (0d 0h 0m 0s)

